SF:lib/src/features/auth/domain/entities/user_entity.dart
DA:26,0
DA:27,0
LF:2
LH:0
end_of_record
SF:lib/src/features/auth/domain/entities/user_entity.g.dart
DA:9,0
DA:10,0
DA:11,0
DA:12,0
DA:13,0
DA:14,0
DA:15,0
DA:16,0
DA:17,0
DA:18,0
DA:19,0
DA:21,0
DA:22,0
DA:24,0
DA:25,0
DA:26,0
DA:27,0
DA:28,0
DA:29,0
DA:31,0
DA:34,0
DA:35,0
DA:36,0
DA:37,0
DA:38,0
DA:39,0
DA:40,0
DA:41,0
DA:42,0
DA:43,0
DA:44,0
DA:45,0
DA:46,0
DA:47,0
DA:48,0
DA:49,0
DA:50,0
LF:37
LH:0
end_of_record
SF:lib/src/features/auth/domain/entities/super_admin_entity.dart
DA:19,0
DA:20,0
LF:2
LH:0
end_of_record
SF:lib/src/features/auth/domain/entities/super_admin_entity.g.dart
DA:9,0
DA:11,0
DA:12,0
DA:13,0
DA:14,0
DA:15,0
DA:16,0
DA:17,0
DA:18,0
DA:19,0
DA:22,0
DA:24,0
DA:25,0
DA:26,0
DA:27,0
DA:28,0
DA:29,0
DA:30,0
DA:31,0
DA:32,0
LF:20
LH:0
end_of_record
SF:lib/src/features/auth/domain/entities/super_admin_response_entity.dart
DA:15,0
DA:16,0
LF:2
LH:0
end_of_record
SF:lib/src/features/auth/domain/entities/super_admin_response_entity.g.dart
DA:9,0
DA:11,0
DA:12,0
DA:13,0
DA:14,0
DA:17,0
DA:19,0
DA:20,0
DA:21,0
DA:22,0
LF:10
LH:0
end_of_record
SF:lib/src/core/utils/responsive.dart
DA:10,0
DA:23,0
DA:25,0
DA:26,0
DA:27,0
DA:29,0
DA:30,0
DA:31,0
DA:32,0
DA:33,0
DA:34,0
DA:36,0
DA:45,0
DA:47,0
DA:48,0
DA:51,0
DA:52,0
DA:53,0
DA:56,0
DA:57,0
DA:60,0
DA:61,0
DA:65,0
DA:66,0
DA:69,0
DA:70,0
DA:71,0
DA:74,0
DA:75,0
DA:81,0
DA:93,0
DA:94,0
DA:96,0
DA:97,0
DA:98,0
DA:99,0
DA:100,0
DA:101,0
DA:103,0
DA:110,0
DA:113,0
DA:114,0
DA:118,0
DA:119,0
DA:123,0
DA:124,0
DA:128,0
DA:129,0
DA:133,1
DA:134,4
DA:138,1
DA:139,3
DA:140,2
DA:144,1
DA:145,4
DA:149,0
DA:162,0
DA:163,0
DA:164,0
DA:165,0
DA:166,0
DA:171,0
DA:184,0
DA:185,0
DA:186,0
DA:187,0
DA:188,0
DA:193,0
DA:194,0
DA:196,0
DA:198,0
DA:199,0
DA:201,0
DA:202,0
DA:204,0
DA:205,0
DA:207,0
DA:210,0
DA:215,0
DA:216,0
DA:218,0
DA:220,0
DA:221,0
DA:223,0
DA:224,0
DA:226,0
DA:227,0
DA:229,0
DA:232,0
DA:237,0
DA:238,0
DA:240,0
DA:242,0
DA:243,0
DA:245,0
DA:246,0
DA:248,0
DA:249,0
DA:251,0
DA:254,0
DA:259,0
DA:260,0
DA:262,0
DA:264,0
DA:265,0
DA:267,0
DA:268,0
DA:270,0
DA:271,0
DA:273,0
DA:276,0
DA:281,0
DA:294,0
DA:295,0
DA:296,0
DA:297,0
DA:298,0
DA:303,0
DA:316,0
DA:317,0
DA:318,0
DA:319,0
DA:320,0
DA:325,0
DA:326,0
DA:328,0
DA:329,0
DA:330,0
DA:331,0
DA:332,0
DA:333,0
DA:340,0
DA:346,0
DA:348,0
DA:350,0
DA:352,0
DA:354,0
DA:364,0
DA:366,0
DA:372,0
DA:377,0
DA:380,0
DA:386,0
DA:391,0
DA:395,0
DA:396,0
DA:397,0
DA:398,0
DA:399,0
DA:400,0
DA:401,0
DA:402,0
DA:403,0
DA:408,0
DA:410,0
DA:416,0
DA:421,0
DA:427,0
DA:434,0
DA:435,0
DA:443,0
DA:444,0
DA:449,0
DA:450,0
DA:455,0
DA:456,0
DA:461,0
DA:462,0
DA:467,0
DA:468,0
DA:473,0
DA:474,0
DA:480,0
DA:481,0
DA:486,0
DA:487,0
DA:492,0
DA:493,0
DA:498,0
DA:499,0
DA:508,0
DA:511,0
DA:512,0
DA:516,0
DA:517,0
DA:521,0
DA:522,0
DA:526,0
DA:527,0
DA:531,0
DA:540,0
DA:553,0
DA:562,0
DA:575,0
DA:576,0
DA:580,0
DA:581,0
DA:585,0
DA:586,0
DA:590,0
DA:591,0
DA:595,0
DA:601,0
LF:203
LH:7
end_of_record
SF:lib/src/core/constants/constants.dart
DA:6,0
DA:11,0
DA:28,0
DA:41,0
DA:53,0
DA:63,0
DA:78,0
DA:130,0
LF:8
LH:0
end_of_record
SF:lib/src/core/utils/error_handler.dart
DA:8,1
DA:12,1
DA:14,1
DA:18,1
DA:22,1
DA:23,1
DA:26,1
DA:30,1
DA:35,0
DA:38,1
DA:39,1
DA:46,1
DA:50,1
DA:51,2
DA:52,1
DA:53,1
DA:56,1
DA:57,1
DA:65,1
DA:71,3
DA:73,1
DA:76,0
DA:77,0
DA:85,1
DA:86,2
DA:88,2
DA:90,1
DA:92,2
DA:94,2
DA:96,2
DA:98,2
DA:100,2
DA:108,1
DA:109,2
DA:110,1
DA:111,1
DA:112,1
DA:115,1
DA:116,1
DA:125,1
DA:128,0
DA:129,0
DA:137,1
DA:138,2
DA:139,1
DA:140,1
DA:141,1
DA:144,1
DA:145,1
DA:154,1
DA:157,0
DA:158,0
DA:166,1
DA:167,2
DA:168,1
DA:169,1
DA:170,1
DA:173,1
DA:174,1
DA:183,1
DA:186,0
DA:187,0
DA:195,1
DA:203,1
DA:205,2
DA:206,1
DA:207,1
DA:208,1
DA:209,1
DA:210,0
DA:211,1
DA:213,1
DA:214,0
DA:216,0
DA:217,0
DA:218,0
DA:221,1
DA:229,1
DA:230,1
DA:233,2
DA:234,1
DA:235,1
DA:238,2
DA:246,0
DA:247,0
DA:251,0
DA:253,0
DA:255,0
DA:261,0
DA:263,0
DA:268,0
DA:270,0
LF:92
LH:69
end_of_record
SF:lib/src/features/dashboard/presentation/bloc/dashboard_bloc.dart
DA:13,0
DA:16,0
DA:17,0
DA:20,0
DA:24,0
DA:26,0
DA:28,0
DA:29,0
DA:30,0
DA:34,0
DA:35,0
DA:36,0
DA:38,0
DA:40,0
DA:42,0
DA:44,0
DA:46,0
LF:17
LH:0
end_of_record
SF:lib/src/features/dashboard/presentation/bloc/dashboard_state.dart
DA:4,1
DA:6,1
DA:7,1
DA:17,1
DA:19,0
DA:20,0
DA:26,1
DA:28,0
DA:29,0
LF:9
LH:5
end_of_record
SF:lib/src/features/dashboard/presentation/bloc/dashboard_event.dart
DA:4,0
DA:6,0
DA:7,0
DA:11,0
LF:4
LH:0
end_of_record
SF:lib/src/features/dashboard/domain/entities/dashboard_entity.dart
DA:14,0
DA:15,0
DA:27,0
DA:28,0
DA:38,0
DA:39,0
DA:49,0
DA:50,0
DA:61,0
DA:62,0
DA:74,0
DA:75,0
DA:85,0
DA:86,0
LF:14
LH:0
end_of_record
SF:lib/src/features/dashboard/domain/entities/dashboard_entity.g.dart
DA:9,0
DA:11,0
DA:12,0
DA:13,0
DA:14,0
DA:16,0
DA:17,0
DA:21,0
DA:23,0
DA:24,0
DA:25,0
DA:26,0
DA:29,0
DA:30,0
DA:31,0
DA:32,0
DA:33,0
DA:34,0
DA:37,0
DA:38,0
DA:39,0
DA:40,0
DA:41,0
DA:42,0
DA:45,0
DA:47,0
DA:48,0
DA:49,0
DA:50,0
DA:51,0
DA:52,0
DA:53,0
DA:56,0
DA:58,0
DA:59,0
DA:60,0
DA:63,0
DA:64,0
DA:65,0
DA:66,0
DA:69,0
DA:70,0
DA:72,0
DA:73,0
DA:74,0
DA:75,0
DA:76,0
DA:79,0
DA:80,0
DA:81,0
DA:82,0
DA:83,0
DA:86,0
DA:88,0
DA:89,0
DA:90,0
DA:91,0
DA:92,0
DA:95,0
DA:97,0
DA:98,0
DA:99,0
DA:100,0
DA:101,0
DA:104,0
DA:106,0
DA:107,0
DA:108,0
DA:111,0
DA:113,0
LF:70
LH:0
end_of_record
SF:lib/src/core/error/failures.dart
DA:6,0
DA:8,0
DA:9,0
DA:13,0
DA:17,0
DA:21,0
DA:25,0
DA:29,0
DA:33,0
DA:37,0
DA:41,0
DA:45,0
LF:12
LH:0
end_of_record
SF:lib/src/features/dashboard/domain/usecases/get_dashboard_data_usecase.dart
DA:9,0
DA:12,0
DA:13,0
LF:3
LH:0
end_of_record
SF:lib/src/features/ticketing/data/models/ticket_api_models.dart
DA:15,0
DA:16,0
DA:29,0
DA:30,0
DA:41,0
DA:42,0
DA:56,0
DA:57,0
DA:67,0
DA:68,0
DA:78,0
DA:79,0
DA:89,0
DA:90,0
DA:104,0
DA:105,0
DA:115,0
DA:116,0
DA:130,0
DA:131,0
DA:144,0
DA:145,0
DA:156,0
DA:157,0
LF:24
LH:0
end_of_record
SF:lib/src/features/ticketing/data/models/ticket_api_models.g.dart
DA:9,0
DA:11,0
DA:12,0
DA:13,0
DA:16,0
DA:18,0
DA:20,0
DA:21,0
DA:22,0
DA:24,0
DA:25,0
DA:26,0
DA:28,0
DA:30,0
DA:31,0
DA:33,0
DA:34,0
DA:36,0
DA:38,0
DA:41,0
DA:43,0
DA:44,0
DA:45,0
DA:46,0
DA:47,0
DA:48,0
DA:51,0
DA:52,0
DA:54,0
DA:55,0
DA:56,0
DA:59,0
DA:60,0
DA:61,0
DA:64,0
DA:65,0
DA:66,0
DA:70,0
DA:71,0
DA:72,0
DA:73,0
DA:74,0
DA:77,0
DA:79,0
DA:80,0
DA:81,0
DA:82,0
DA:83,0
DA:84,0
DA:85,0
DA:88,0
DA:90,0
DA:91,0
DA:92,0
DA:93,0
DA:94,0
DA:95,0
DA:96,0
DA:99,0
DA:101,0
DA:103,0
DA:104,0
DA:105,0
DA:108,0
DA:109,0
DA:110,0
DA:114,0
DA:116,0
DA:117,0
DA:118,0
DA:121,0
DA:122,0
DA:123,0
DA:124,0
DA:127,0
DA:128,0
DA:130,0
DA:131,0
DA:132,0
DA:133,0
DA:136,0
DA:137,0
DA:139,0
DA:140,0
DA:141,0
DA:142,0
DA:143,0
DA:144,0
DA:145,0
DA:146,0
DA:149,0
DA:150,0
DA:151,0
DA:152,0
DA:153,0
DA:154,0
DA:155,0
DA:156,0
DA:159,0
DA:161,0
DA:162,0
DA:163,0
DA:166,0
DA:168,0
DA:170,0
DA:172,0
DA:173,0
DA:174,0
DA:175,0
DA:176,0
DA:177,0
DA:178,0
DA:181,0
DA:183,0
DA:184,0
DA:185,0
DA:186,0
DA:187,0
DA:188,0
DA:189,0
DA:192,0
DA:194,0
DA:195,0
DA:196,0
DA:197,0
DA:198,0
DA:199,0
DA:202,0
DA:204,0
DA:205,0
DA:206,0
DA:207,0
DA:208,0
DA:209,0
DA:212,0
DA:214,0
DA:215,0
DA:216,0
DA:217,0
DA:220,0
DA:222,0
DA:223,0
DA:224,0
DA:225,0
LF:144
LH:0
end_of_record
SF:lib/src/features/ticketing/data/models/ticket_model.dart
DA:23,0
DA:24,0
DA:26,0
DA:27,0
DA:28,0
DA:29,0
DA:30,0
DA:31,0
DA:32,0
DA:33,0
DA:34,0
DA:35,0
DA:36,0
DA:37,0
DA:38,0
DA:39,0
DA:40,0
DA:54,0
DA:55,0
DA:57,0
DA:58,0
DA:59,0
DA:60,0
DA:61,0
DA:62,0
DA:75,0
DA:76,0
DA:78,0
DA:79,0
DA:80,0
DA:81,0
DA:82,0
DA:83,0
DA:96,0
DA:97,0
DA:99,0
DA:100,0
DA:101,0
DA:102,0
DA:103,0
DA:104,0
DA:117,0
DA:118,0
DA:120,0
DA:121,0
DA:122,0
DA:123,0
DA:124,0
DA:125,0
DA:136,0
DA:137,0
DA:139,0
DA:140,0
DA:141,0
DA:143,0
DA:146,0
DA:161,0
DA:162,0
DA:164,0
DA:165,0
DA:166,0
DA:167,0
DA:168,0
DA:169,0
DA:170,0
DA:171,0
LF:66
LH:0
end_of_record
SF:lib/src/features/ticketing/data/models/ticket_model.g.dart
DA:9,0
DA:10,0
DA:11,0
DA:12,0
DA:13,0
DA:14,0
DA:15,0
DA:16,0
DA:17,0
DA:18,0
DA:20,0
DA:21,0
DA:22,0
DA:23,0
DA:25,0
DA:28,0
DA:29,0
DA:30,0
DA:34,0
DA:35,0
DA:36,0
DA:37,0
DA:38,0
DA:39,0
DA:40,0
DA:41,0
DA:42,0
DA:43,0
DA:44,0
DA:45,0
DA:48,0
DA:50,0
DA:51,0
DA:52,0
DA:53,0
DA:54,0
DA:55,0
DA:58,0
DA:60,0
DA:61,0
DA:62,0
DA:63,0
DA:64,0
DA:65,0
DA:68,0
DA:70,0
DA:71,0
DA:72,0
DA:73,0
DA:74,0
DA:77,0
DA:79,0
DA:80,0
DA:81,0
DA:82,0
DA:83,0
DA:86,0
DA:88,0
DA:89,0
DA:90,0
DA:91,0
DA:92,0
DA:95,0
DA:97,0
DA:98,0
DA:99,0
DA:100,0
DA:101,0
DA:104,0
DA:106,0
DA:107,0
DA:108,0
DA:109,0
DA:110,0
DA:113,0
DA:115,0
DA:116,0
DA:117,0
DA:118,0
DA:119,0
DA:122,0
DA:124,0
DA:125,0
DA:126,0
DA:129,0
DA:130,0
DA:133,0
DA:134,0
DA:138,0
DA:140,0
DA:141,0
DA:142,0
DA:145,0
DA:147,0
DA:148,0
DA:149,0
DA:150,0
DA:151,0
DA:152,0
DA:153,0
DA:156,0
DA:158,0
DA:159,0
DA:160,0
DA:161,0
DA:162,0
DA:163,0
DA:164,0
LF:108
LH:0
end_of_record
SF:lib/src/features/ticketing/domain/entities/ticket_entity.dart
DA:21,0
DA:22,0
DA:35,0
DA:36,0
DA:48,0
DA:49,0
DA:61,0
DA:62,0
DA:74,0
DA:75,0
DA:85,0
DA:86,0
DA:100,0
DA:101,0
LF:14
LH:0
end_of_record
SF:lib/src/features/ticketing/domain/entities/ticket_entity.g.dart
DA:9,0
DA:10,0
DA:11,0
DA:12,0
DA:13,0
DA:14,0
DA:15,0
DA:16,0
DA:17,0
DA:18,0
DA:20,0
DA:21,0
DA:22,0
DA:23,0
DA:25,0
DA:28,0
DA:29,0
DA:30,0
DA:32,0
DA:36,0
DA:37,0
DA:38,0
DA:39,0
DA:40,0
DA:41,0
DA:42,0
DA:43,0
DA:44,0
DA:45,0
DA:46,0
DA:47,0
DA:50,0
DA:52,0
DA:53,0
DA:54,0
DA:55,0
DA:56,0
DA:57,0
DA:60,0
DA:62,0
DA:63,0
DA:64,0
DA:65,0
DA:66,0
DA:67,0
DA:70,0
DA:72,0
DA:73,0
DA:74,0
DA:75,0
DA:76,0
DA:79,0
DA:81,0
DA:82,0
DA:83,0
DA:84,0
DA:85,0
DA:88,0
DA:90,0
DA:91,0
DA:92,0
DA:93,0
DA:94,0
DA:97,0
DA:99,0
DA:100,0
DA:101,0
DA:102,0
DA:103,0
DA:106,0
DA:108,0
DA:109,0
DA:110,0
DA:111,0
DA:112,0
DA:115,0
DA:117,0
DA:118,0
DA:119,0
DA:120,0
DA:121,0
DA:124,0
DA:126,0
DA:127,0
DA:128,0
DA:131,0
DA:132,0
DA:135,0
DA:136,0
DA:140,0
DA:142,0
DA:143,0
DA:144,0
DA:147,0
DA:149,0
DA:150,0
DA:151,0
DA:152,0
DA:153,0
DA:154,0
DA:155,0
DA:158,0
DA:160,0
DA:161,0
DA:162,0
DA:163,0
DA:164,0
DA:165,0
DA:166,0
LF:109
LH:0
end_of_record
